
> xiaoyuan-frontend@1.0.0 build
> tsc && vite build

[36mvite v5.4.21 [32mbuilding for production...[36m[39m
transforming...
[32m鉁?[39m 3102 modules transformed.
rendering chunks...
computing gzip size...
[2mdist/[22m[32mregisterSW.js              [39m[1m[2m    0.13 kB[22m[1m[22m
[2mdist/[22m[32mmanifest.webmanifest       [39m[1m[2m    0.25 kB[22m[1m[22m
[2mdist/[22m[32mindex.html                 [39m[1m[2m    0.96 kB[22m[1m[22m[2m 鈹?gzip:   0.54 kB[22m
[2mdist/[22m[35massets/index-BOrl-zwt.css  [39m[1m[2m    0.27 kB[22m[1m[22m[2m 鈹?gzip:   0.22 kB[22m
[2mdist/[22m[36massets/index-BiufOhLN.js   [39m[1m[33m1,000.05 kB[39m[22m[2m 鈹?gzip: 321.95 kB[22m
node.exe : [33m
所在位置 行:1 字符: 1
+ & "D:\云吞下载/node.exe" "D:\云吞下载/node_modules/npm/bin/npm-cli.js" run bu ...
+ ~~~~~~~~~~~~~~~~~~~~~~~~~~~~~~~~~~~~~~~~~~~~~~~~~~~~~~~~~~~~~~~~~~~~~
    + CategoryInfo          : NotSpecified: ([33m:String) [], RemoteException
    + FullyQualifiedErrorId : NativeCommandError
 
(!) Some chunks are larger than 500 kB after minification. Consider:
- Using dynamic import() to code-split the application
- Use build.rollupOptions.output.manualChunks to improve chunking: https://rollupjs.org/configuration-options/#output
-manualchunks
- Adjust chunk size limit for this warning via build.chunkSizeWarningLimit.[39m
[32m鉁?built in 5.03s[39m

PWA v1.2.0
mode      generateSW
precache  8 entries (982.54 KiB)
files generated
  dist/sw.js
  dist/workbox-8c29f6e4.js
